<?xml version="1.0" encoding="UTF-8"?>
<!-- Generated by org.testng.reporters.JUnitReportReporter -->
<testsuite hostname="IN-PG0351S8" failures="0" tests="1" name="com.nagarro.selenium_assignment.Test.CartPageTest" time="5.953" errors="0" timestamp="2024-11-10T18:08:31 IST" skipped="0">
  <testcase classname="com.nagarro.selenium_assignment.Test.CartPageTest" name="testSignInNavigation" time="5.953"/>
</testsuite> <!-- com.nagarro.selenium_assignment.Test.CartPageTest -->
